<?xml version="1.0" encoding="UTF-8"?>
<!-- Generated by org.testng.reporters.JUnitReportReporter -->
<testsuite skipped="0" hostname="Naresh-HP" name="wiremockproject.ParsingUsersList" tests="1" failures="0" timestamp="25 Aug 2020 01:04:20 GMT" time="1.747" errors="0">
  <testcase name="parseResponse" time="1.747" classname="wiremockproject.ParsingUsersList"/>
</testsuite> <!-- wiremockproject.ParsingUsersList -->
